<?xml version="1.0" encoding="UTF-8"?>
<!-- Generated by org.testng.reporters.JUnitXMLReporter -->
<testsuite ignored="0" hostname="Jijos-Air.lan" failures="0" tests="6" name="TestClassViewAllocation" time="163.425" errors="0" timestamp="2022-03-20T15:23:15 GST">
  <testcase classname="com.TrainerManagementSystem.scripts.TestClassViewAllocation" name="VerifyAlbhaTCB2G70051" time="1.355"/>
  <testcase classname="com.TrainerManagementSystem.scripts.TestClassViewAllocation" name="VerifyNumTCB2G70052" time="49.131"/>
  <testcase classname="com.TrainerManagementSystem.scripts.TestClassViewAllocation" name="VerifyCharTCB2G70053" time="36.538"/>
  <testcase classname="com.TrainerManagementSystem.scripts.TestClassViewAllocation" name="VerifyDataTCB2G70054" time="35.162"/>
  <testcase classname="com.TrainerManagementSystem.scripts.TestClassViewAllocation" name="VerifyScrollingUsingMouseTCB2G70055" time="0.462"/>
  <testcase classname="com.TrainerManagementSystem.scripts.TestClassViewAllocation" name="VerifyScrollingUsingKeyboardTCB2G70056" time="2.438"/>
</testsuite> <!-- TestClassViewAllocation -->
