<?xml version="1.0" encoding="UTF-8"?>
<!-- Generated by org.testng.reporters.JUnitXMLReporter -->
<testsuite ignored="0" hostname="Jijos-Air.lan" failures="0" tests="6" name="TestClassTrainerLogin" time="90.034" errors="0" timestamp="2022-03-20T15:23:23 GST">
  <testcase classname="com.TrainerManagementSystem.scripts.TestClassTrainerLogin" name="DisplayFooterTCB2G70067" time="1.314"/>
  <testcase classname="com.TrainerManagementSystem.scripts.TestClassTrainerLogin" name="LoginWithNoDataTCB2G70063" time="2.657"/>
  <testcase classname="com.TrainerManagementSystem.scripts.TestClassTrainerLogin" name="NavigateToSignupPageTCB2G70066" time="2.215"/>
  <testcase classname="com.TrainerManagementSystem.scripts.TestClassTrainerLogin" name="NavigateToHomePageTCB2G70065" time="35.851"/>
  <testcase classname="com.TrainerManagementSystem.scripts.TestClassTrainerLogin" name="InvalidLoginCredentialsTCB2G70060" time="6.378"/>
  <testcase classname="com.TrainerManagementSystem.scripts.TestClassTrainerLogin" name="LoginWithValidCredentialsTCB2G70062" time="1.708"/>
</testsuite> <!-- TestClassTrainerLogin -->
