<?xml version="1.0" encoding="UTF-8"?>
<!-- Generated by org.testng.reporters.JUnitXMLReporter -->
<testsuite ignored="0" hostname="Jijos-Air.lan" failures="0" tests="2" name="TestClassTrainerLogout" time="42.622" errors="0" timestamp="2022-03-20T15:25:43 GST">
  <testcase classname="com.TrainerManagementSystem.scripts.TestClassTrainerLogout" name="VerifyTrainerLogoutTCB2G70082" time="1.311"/>
  <testcase classname="com.TrainerManagementSystem.scripts.TestClassTrainerLogout" name="VerifyTrainerLoginAfterLoginTCB2G70085" time="2.272"/>
</testsuite> <!-- TestClassTrainerLogout -->
