<?xml version="1.0" encoding="UTF-8"?>
<!-- Generated by org.testng.reporters.JUnitXMLReporter -->
<testsuite ignored="0" hostname="Jijos-Air.lan" failures="0" tests="3" name="TestClassHomePageLinks" time="43.274" errors="0" timestamp="2022-03-20T15:13:45 GST">
  <testcase classname="com.TrainerManagementSystem.scripts.TestClassHomePageLinks" name="CheckPageTitleTCB2G70001" time="0.087"/>
  <testcase classname="com.TrainerManagementSystem.scripts.TestClassHomePageLinks" name="NavigateToLoginPageTCB2G70003" time="0.23"/>
  <testcase classname="com.TrainerManagementSystem.scripts.TestClassHomePageLinks" name="NavigateToSignupPageTCB2G70004" time="0.44"/>
</testsuite> <!-- TestClassHomePageLinks -->
