<?xml version="1.0" encoding="UTF-8"?>
<!-- Generated by org.testng.reporters.JUnitXMLReporter -->
<testsuite ignored="0" hostname="Jijos-Air.lan" failures="0" tests="3" name="TestClassAdminLogin" time="142.709" errors="0" timestamp="2022-03-20T15:16:29 GST">
  <testcase classname="com.TrainerManagementSystem.scripts.TestClassAdminLogin" name="VerifyAdminLoginTCB2G70025" time="35.172"/>
  <testcase classname="com.TrainerManagementSystem.scripts.TestClassAdminLogin" name="VerifyLoginWithInvaidDatasTCB2G70026" time="34.521"/>
  <testcase classname="com.TrainerManagementSystem.scripts.TestClassAdminLogin" name="LoginWithNodataTCB2G70029" time="33.875"/>
</testsuite> <!-- TestClassAdminLogin -->
