<?xml version="1.0" encoding="UTF-8"?>
<!-- Generated by org.testng.reporters.JUnitXMLReporter -->
<testsuite ignored="0" hostname="Jijos-Air.lan" failures="0" tests="3" name="TestClassAllocate" time="106.834" errors="0" timestamp="2022-03-20T15:19:37 GST">
  <testcase classname="com.TrainerManagementSystem.scripts.TestClassAllocate" name="VerifySearchBoxTCB2G70039" time="33.688"/>
  <testcase classname="com.TrainerManagementSystem.scripts.TestClassAllocate" name="VerifySearchDetailsTCB2G70040" time="0.216"/>
  <testcase classname="com.TrainerManagementSystem.scripts.TestClassAllocate" name="VerifySearchDetailsbyIdTCB2G70042" time="0.212"/>
</testsuite> <!-- TestClassAllocate -->
