<?xml version="1.0" encoding="UTF-8"?>
<!-- Generated by org.testng.reporters.JUnitXMLReporter -->
<testsuite ignored="0" hostname="Jijos-Air.lan" failures="0" tests="2" name="TestClassAdminLogout" time="58.722" errors="0" timestamp="2022-03-20T15:21:53 GST">
  <testcase classname="com.TrainerManagementSystem.scripts.TestClassAdminLogout" name="ValidateLogOutTCB2G70057" time="6.571"/>
  <testcase classname="com.TrainerManagementSystem.scripts.TestClassAdminLogout" name="ValidateLoginAndOutAfterLogoutTCB2G70058" time="13.99"/>
</testsuite> <!-- TestClassAdminLogout -->
